# JRE version: Java(TM) SE Runtime Environment (8.0_60-b27) (build 1.8.0_60-b27)
# Java VM: Java HotSpot(TM) 64-Bit Server VM (25.60-b23 mixed mode windows-amd64 compressed oops)
Heap:
 PSYoungGen      total 633344K, used 63001K [0x00000000d5580000, 0x0000000100000000, 0x0000000100000000)
  eden space 568832K, 11% used [0x00000000d5580000,0x00000000d9306648,0x00000000f8100000)
  from space 64512K, 0% used [0x00000000fc100000,0x00000000fc100000,0x0000000100000000)
  to   space 65024K, 0% used [0x00000000f8100000,0x00000000f8100000,0x00000000fc080000)
 ParOldGen       total 869376K, used 636504K [0x0000000080000000, 0x00000000b5100000, 0x00000000d5580000)
  object space 869376K, 73% used [0x0000000080000000,0x00000000a6d963a8,0x00000000b5100000)
 Metaspace       used 45722K, capacity 46106K, committed 46336K, reserved 1089536K
  class space    used 6418K, capacity 6544K, committed 6656K, reserved 1048576K
GC Heap History (10 events):
Event: 104.102 GC heap before
{Heap before GC invocations=43 (full 6):
 PSYoungGen      total 632320K, used 615298K [0x00000000d5580000, 0x0000000100000000, 0x0000000100000000)
  eden space 569856K, 100% used [0x00000000d5580000,0x00000000f8200000,0x00000000f8200000)
  from space 62464K, 72% used [0x00000000fc300000,0x00000000fef60a08,0x0000000100000000)
  to   space 64512K, 0% used [0x00000000f8200000,0x00000000f8200000,0x00000000fc100000)
 ParOldGen       total 670720K, used 490862K [0x0000000080000000, 0x00000000a8f00000, 0x00000000d5580000)
  object space 670720K, 73% used [0x0000000080000000,0x000000009df5b960,0x00000000a8f00000)
 Metaspace       used 45648K, capacity 46042K, committed 46336K, reserved 1089536K
  class space    used 6417K, capacity 6544K, committed 6656K, reserved 1048576K
Event: 104.150 GC heap after
Heap after GC invocations=43 (full 6):
 PSYoungGen      total 634368K, used 40689K [0x00000000d5580000, 0x0000000100000000, 0x0000000100000000)
  eden space 569856K, 0% used [0x00000000d5580000,0x00000000d5580000,0x00000000f8200000)
  from space 64512K, 63% used [0x00000000f8200000,0x00000000fa9bc548,0x00000000fc100000)
  to   space 64000K, 0% used [0x00000000fc180000,0x00000000fc180000,0x0000000100000000)
 ParOldGen       total 670720K, used 527430K [0x0000000080000000, 0x00000000a8f00000, 0x00000000d5580000)
  object space 670720K, 78% used [0x0000000080000000,0x00000000a0311960,0x00000000a8f00000)
 Metaspace       used 45648K, capacity 46042K, committed 46336K, reserved 1089536K
  class space    used 6417K, capacity 6544K, committed 6656K, reserved 1048576K
}
Event: 107.141 GC heap before
{Heap before GC invocations=44 (full 6):
 PSYoungGen      total 634368K, used 610545K [0x00000000d5580000, 0x0000000100000000, 0x0000000100000000)
  eden space 569856K, 100% used [0x00000000d5580000,0x00000000f8200000,0x00000000f8200000)
  from space 64512K, 63% used [0x00000000f8200000,0x00000000fa9bc548,0x00000000fc100000)
  to   space 64000K, 0% used [0x00000000fc180000,0x00000000fc180000,0x0000000100000000)
 ParOldGen       total 670720K, used 527430K [0x0000000080000000, 0x00000000a8f00000, 0x00000000d5580000)
  object space 670720K, 78% used [0x0000000080000000,0x00000000a0311960,0x00000000a8f00000)
 Metaspace       used 45660K, capacity 46042K, committed 46336K, reserved 1089536K
  class space    used 6418K, capacity 6544K, committed 6656K, reserved 1048576K
Event: 107.199 GC heap after
Heap after GC invocations=44 (full 6):
 PSYoungGen      total 633856K, used 42970K [0x00000000d5580000, 0x0000000100000000, 0x0000000100000000)
  eden space 569856K, 0% used [0x00000000d5580000,0x00000000d5580000,0x00000000f8200000)
  from space 64000K, 67% used [0x00000000fc180000,0x00000000feb76970,0x0000000100000000)
  to   space 64512K, 0% used [0x00000000f8200000,0x00000000f8200000,0x00000000fc100000)
 ParOldGen       total 670720K, used 557054K [0x0000000080000000, 0x00000000a8f00000, 0x00000000d5580000)
  object space 670720K, 83% used [0x0000000080000000,0x00000000a1fff960,0x00000000a8f00000)
 Metaspace       used 45660K, capacity 46042K, committed 46336K, reserved 1089536K
  class space    used 6418K, capacity 6544K, committed 6656K, reserved 1048576K
}
Event: 110.352 GC heap before
{Heap before GC invocations=45 (full 6):
 PSYoungGen      total 633856K, used 612826K [0x00000000d5580000, 0x0000000100000000, 0x0000000100000000)
  eden space 569856K, 100% used [0x00000000d5580000,0x00000000f8200000,0x00000000f8200000)
  from space 64000K, 67% used [0x00000000fc180000,0x00000000feb76970,0x0000000100000000)
  to   space 64512K, 0% used [0x00000000f8200000,0x00000000f8200000,0x00000000fc100000)
 ParOldGen       total 670720K, used 557054K [0x0000000080000000, 0x00000000a8f00000, 0x00000000d5580000)
  object space 670720K, 83% used [0x0000000080000000,0x00000000a1fff960,0x00000000a8f00000)
 Metaspace       used 45696K, capacity 46106K, committed 46336K, reserved 1089536K
  class space    used 6418K, capacity 6544K, committed 6656K, reserved 1048576K
Event: 110.400 GC heap after
Heap after GC invocations=45 (full 6):
 PSYoungGen      total 634368K, used 43094K [0x00000000d5580000, 0x0000000100000000, 0x0000000100000000)
  eden space 569856K, 0% used [0x00000000d5580000,0x00000000d5580000,0x00000000f8200000)
  from space 64512K, 66% used [0x00000000f8200000,0x00000000fac15980,0x00000000fc100000)
  to   space 64512K, 0% used [0x00000000fc100000,0x00000000fc100000,0x0000000100000000)
 ParOldGen       total 670720K, used 588654K [0x0000000080000000, 0x00000000a8f00000, 0x00000000d5580000)
  object space 670720K, 87% used [0x0000000080000000,0x00000000a3edb960,0x00000000a8f00000)
 Metaspace       used 45696K, capacity 46106K, committed 46336K, reserved 1089536K
  class space    used 6418K, capacity 6544K, committed 6656K, reserved 1048576K
}
Event: 113.698 GC heap before
{Heap before GC invocations=46 (full 6):
 PSYoungGen      total 634368K, used 612950K [0x00000000d5580000, 0x0000000100000000, 0x0000000100000000)
  eden space 569856K, 100% used [0x00000000d5580000,0x00000000f8200000,0x00000000f8200000)
  from space 64512K, 66% used [0x00000000f8200000,0x00000000fac15980,0x00000000fc100000)
  to   space 64512K, 0% used [0x00000000fc100000,0x00000000fc100000,0x0000000100000000)
 ParOldGen       total 670720K, used 588654K [0x0000000080000000, 0x00000000a8f00000, 0x00000000d5580000)
  object space 670720K, 87% used [0x0000000080000000,0x00000000a3edb960,0x00000000a8f00000)
 Metaspace       used 45720K, capacity 46106K, committed 46336K, reserved 1089536K
  class space    used 6418K, capacity 6544K, committed 6656K, reserved 1048576K
Event: 113.745 GC heap after
Heap after GC invocations=46 (full 6):
 PSYoungGen      total 633344K, used 43814K [0x00000000d5580000, 0x0000000100000000, 0x0000000100000000)
  eden space 568832K, 0% used [0x00000000d5580000,0x00000000d5580000,0x00000000f8100000)
  from space 64512K, 67% used [0x00000000fc100000,0x00000000febc9a38,0x0000000100000000)
  to   space 65024K, 0% used [0x00000000f8100000,0x00000000f8100000,0x00000000fc080000)
 ParOldGen       total 670720K, used 620790K [0x0000000080000000, 0x00000000a8f00000, 0x00000000d5580000)
  object space 670720K, 92% used [0x0000000080000000,0x00000000a5e3d960,0x00000000a8f00000)
 Metaspace       used 45720K, capacity 46106K, committed 46336K, reserved 1089536K
  class space    used 6418K, capacity 6544K, committed 6656K, reserved 1048576K
}
Event: 113.745 GC heap before
{Heap before GC invocations=47 (full 7):
 PSYoungGen      total 633344K, used 43814K [0x00000000d5580000, 0x0000000100000000, 0x0000000100000000)
  eden space 568832K, 0% used [0x00000000d5580000,0x00000000d5580000,0x00000000f8100000)
  from space 64512K, 67% used [0x00000000fc100000,0x00000000febc9a38,0x0000000100000000)
  to   space 65024K, 0% used [0x00000000f8100000,0x00000000f8100000,0x00000000fc080000)
 ParOldGen       total 670720K, used 620790K [0x0000000080000000, 0x00000000a8f00000, 0x00000000d5580000)
  object space 670720K, 92% used [0x0000000080000000,0x00000000a5e3d960,0x00000000a8f00000)
 Metaspace       used 45720K, capacity 46106K, committed 46336K, reserved 1089536K
  class space    used 6418K, capacity 6544K, committed 6656K, reserved 1048576K
Event: 114.051 GC heap after
Heap after GC invocations=47 (full 7):
 PSYoungGen      total 633344K, used 0K [0x00000000d5580000, 0x0000000100000000, 0x0000000100000000)
  eden space 568832K, 0% used [0x00000000d5580000,0x00000000d5580000,0x00000000f8100000)
  from space 64512K, 0% used [0x00000000fc100000,0x00000000fc100000,0x0000000100000000)
  to   space 65024K, 0% used [0x00000000f8100000,0x00000000f8100000,0x00000000fc080000)
 ParOldGen       total 869376K, used 636504K [0x0000000080000000, 0x00000000b5100000, 0x00000000d5580000)
  object space 869376K, 73% used [0x0000000080000000,0x00000000a6d963a8,0x00000000b5100000)
 Metaspace       used 45720K, capacity 46106K, committed 46336K, reserved 1089536K
  class space    used 6418K, capacity 6544K, committed 6656K, reserved 1048576K
}

